<?xml version="1.0" encoding="UTF-8"?>
<testng-results ignored="0" total="3" passed="1" failed="1" skipped="1">
  <reporter-output>
  </reporter-output>
  <suite started-at="2025-03-04T20:36:18 IST" name="All Test Suite" finished-at="2025-03-04T20:36:28 IST" duration-ms="10334">
    <groups>
    </groups>
    <test started-at="2025-03-04T20:36:18 IST" name="C:/Users/klala/IdeaProjects/SeleniumLearning/src/test/java/Selenium30Mar/Listeners" finished-at="2025-03-04T20:36:28 IST" duration-ms="10334">
      <class name="Selenium30Mar.Listeners.OrangeHRM">
        <test-method is-config="true" signature="setUp()[pri:0, instance:Selenium30Mar.Listeners.OrangeHRM@f736069]" started-at="2025-03-04T20:36:18 IST" name="setUp" finished-at="2025-03-04T20:36:27 IST" duration-ms="9625" status="PASS">
          <reporter-output>
          </reporter-output>
        </test-method> <!-- setUp -->
        <test-method signature="testLogo()[pri:1, instance:Selenium30Mar.Listeners.OrangeHRM@f736069]" started-at="2025-03-04T20:36:27 IST" name="testLogo" finished-at="2025-03-04T20:36:28 IST" duration-ms="126" status="PASS">
          <reporter-output>
          </reporter-output>
        </test-method> <!-- testLogo -->
        <test-method signature="testAppUrl()[pri:2, instance:Selenium30Mar.Listeners.OrangeHRM@f736069]" started-at="2025-03-04T20:36:28 IST" name="testAppUrl" finished-at="2025-03-04T20:36:28 IST" duration-ms="31" status="FAIL">
          <exception class="java.lang.AssertionError">
            <message>
              <![CDATA[expected [https://opensource-demo.orangehrmlive.com] but found [https://opensource-demo.orangehrmlive.com/web/index.php/auth/login]]]>
            </message>
            <full-stacktrace>
              <![CDATA[java.lang.AssertionError: expected [https://opensource-demo.orangehrmlive.com] but found [https://opensource-demo.orangehrmlive.com/web/index.php/auth/login]
at org.testng.Assert.fail(Assert.java:111)
at org.testng.Assert.failNotEquals(Assert.java:1578)
at org.testng.Assert.assertEqualsImpl(Assert.java:150)
at org.testng.Assert.assertEquals(Assert.java:132)
at org.testng.Assert.assertEquals(Assert.java:656)
at org.testng.Assert.assertEquals(Assert.java:666)
at Selenium30Mar.Listeners.OrangeHRM.testAppUrl(OrangeHRM.java:41)
at java.base/jdk.internal.reflect.DirectMethodHandleAccessor.invoke(DirectMethodHandleAccessor.java:103)
at java.base/java.lang.reflect.Method.invoke(Method.java:580)
at org.testng.internal.invokers.MethodInvocationHelper.invokeMethod(MethodInvocationHelper.java:139)
at org.testng.internal.invokers.TestInvoker.invokeMethod(TestInvoker.java:664)
at org.testng.internal.invokers.TestInvoker.invokeTestMethod(TestInvoker.java:228)
at org.testng.internal.invokers.MethodRunner.runInSequence(MethodRunner.java:63)
at org.testng.internal.invokers.TestInvoker$MethodInvocationAgent.invoke(TestInvoker.java:961)
at org.testng.internal.invokers.TestInvoker.invokeTestMethods(TestInvoker.java:201)
at org.testng.internal.invokers.TestMethodWorker.invokeTestMethods(TestMethodWorker.java:148)
at org.testng.internal.invokers.TestMethodWorker.run(TestMethodWorker.java:128)
at java.base/java.util.ArrayList.forEach(ArrayList.java:1596)
at org.testng.TestRunner.privateRun(TestRunner.java:819)
at org.testng.TestRunner.run(TestRunner.java:619)
at org.testng.SuiteRunner.runTest(SuiteRunner.java:443)
at org.testng.SuiteRunner.runSequentially(SuiteRunner.java:437)
at org.testng.SuiteRunner.privateRun(SuiteRunner.java:397)
at org.testng.SuiteRunner.run(SuiteRunner.java:336)
at org.testng.SuiteRunnerWorker.runSuite(SuiteRunnerWorker.java:52)
at org.testng.SuiteRunnerWorker.run(SuiteRunnerWorker.java:95)
at org.testng.TestNG.runSuitesSequentially(TestNG.java:1301)
at org.testng.TestNG.runSuitesLocally(TestNG.java:1228)
at org.testng.TestNG.runSuites(TestNG.java:1134)
at org.testng.TestNG.run(TestNG.java:1101)
at com.intellij.rt.testng.IDEARemoteTestNG.run(IDEARemoteTestNG.java:66)
at com.intellij.rt.testng.RemoteTestNGStarter.main(RemoteTestNGStarter.java:105)
]]>
            </full-stacktrace>
          </exception> <!-- java.lang.AssertionError -->
          <reporter-output>
          </reporter-output>
        </test-method> <!-- testAppUrl -->
        <test-method signature="testHomePageTitle()[pri:3, instance:Selenium30Mar.Listeners.OrangeHRM@f736069]" started-at="2025-03-04T20:36:28 IST" name="testHomePageTitle" finished-at="2025-03-04T20:36:28 IST" depends-on-methods="Selenium30Mar.Listeners.OrangeHRM.testAppUrl" duration-ms="0" status="SKIP">
          <exception class="java.lang.Throwable">
            <message>
              <![CDATA[Method Selenium30Mar.Listeners.OrangeHRM.testHomePageTitle() on instance Selenium30Mar.Listeners.OrangeHRM@f736069 depends on not successfully finished methods 
[Selenium30Mar.Listeners.OrangeHRM.testAppUrl() on instance Selenium30Mar.Listeners.OrangeHRM@f736069]]]>
            </message>
            <full-stacktrace>
              <![CDATA[java.lang.Throwable: Method Selenium30Mar.Listeners.OrangeHRM.testHomePageTitle() on instance Selenium30Mar.Listeners.OrangeHRM@f736069 depends on not successfully finished methods 
[Selenium30Mar.Listeners.OrangeHRM.testAppUrl() on instance Selenium30Mar.Listeners.OrangeHRM@f736069]
at org.testng.internal.invokers.TestInvoker.invokeTestMethods(TestInvoker.java:157)
at org.testng.internal.invokers.TestMethodWorker.invokeTestMethods(TestMethodWorker.java:148)
at org.testng.internal.invokers.TestMethodWorker.run(TestMethodWorker.java:128)
at java.base/java.util.ArrayList.forEach(ArrayList.java:1596)
at org.testng.TestRunner.privateRun(TestRunner.java:819)
at org.testng.TestRunner.run(TestRunner.java:619)
at org.testng.SuiteRunner.runTest(SuiteRunner.java:443)
at org.testng.SuiteRunner.runSequentially(SuiteRunner.java:437)
at org.testng.SuiteRunner.privateRun(SuiteRunner.java:397)
at org.testng.SuiteRunner.run(SuiteRunner.java:336)
at org.testng.SuiteRunnerWorker.runSuite(SuiteRunnerWorker.java:52)
at org.testng.SuiteRunnerWorker.run(SuiteRunnerWorker.java:95)
at org.testng.TestNG.runSuitesSequentially(TestNG.java:1301)
at org.testng.TestNG.runSuitesLocally(TestNG.java:1228)
at org.testng.TestNG.runSuites(TestNG.java:1134)
at org.testng.TestNG.run(TestNG.java:1101)
at com.intellij.rt.testng.IDEARemoteTestNG.run(IDEARemoteTestNG.java:66)
at com.intellij.rt.testng.RemoteTestNGStarter.main(RemoteTestNGStarter.java:105)
]]>
            </full-stacktrace>
          </exception> <!-- java.lang.Throwable -->
          <reporter-output>
          </reporter-output>
        </test-method> <!-- testHomePageTitle -->
        <test-method is-config="true" signature="tearDown()[pri:0, instance:Selenium30Mar.Listeners.OrangeHRM@f736069]" started-at="2025-03-04T20:36:28 IST" name="tearDown" finished-at="2025-03-04T20:36:28 IST" duration-ms="394" status="PASS">
          <reporter-output>
          </reporter-output>
        </test-method> <!-- tearDown -->
      </class> <!-- Selenium30Mar.Listeners.OrangeHRM -->
    </test> <!-- C:/Users/klala/IdeaProjects/SeleniumLearning/src/test/java/Selenium30Mar/Listeners -->
  </suite> <!-- All Test Suite -->
</testng-results>
